awk: symbol lookup error: awk: undefined symbol: mpfr_z_sub
INFO: [VRFC 10-2263] Analyzing Verilog file "/home/pranav/Downloads/project_2_LAB5new/project_2_LAB5/project_2.sim/sim_1/impl/timing/board_time_impl.v" into library xil_defaultlib
INFO: [VRFC 10-311] analyzing module RAM128X1D_UNIQ_BASE_
INFO: [VRFC 10-311] analyzing module RAM128X1D_HD3795
INFO: [VRFC 10-311] analyzing module RAM128X1D_HD3796
INFO: [VRFC 10-311] analyzing module RAM128X1D_HD3797
INFO: [VRFC 10-311] analyzing module RAM128X1D_HD3798
INFO: [VRFC 10-311] analyzing module RAM128X1D_HD3799
INFO: [VRFC 10-311] analyzing module RAM128X1D_HD3800
INFO: [VRFC 10-311] analyzing module RAM128X1D_HD3801
INFO: [VRFC 10-311] analyzing module RAM128X1D_HD3802
INFO: [VRFC 10-311] analyzing module RAM128X1D_HD3803
INFO: [VRFC 10-311] analyzing module RAM128X1D_HD3804
INFO: [VRFC 10-311] analyzing module RAM128X1D_HD3805
INFO: [VRFC 10-311] analyzing module RAM128X1D_HD3806
INFO: [VRFC 10-311] analyzing module RAM128X1D_HD3807
INFO: [VRFC 10-311] analyzing module RAM128X1D_HD3808
INFO: [VRFC 10-311] analyzing module RAM128X1D_HD3809
INFO: [VRFC 10-311] analyzing module RAM128X1D_HD3810
INFO: [VRFC 10-311] analyzing module RAM128X1D_HD3811
INFO: [VRFC 10-311] analyzing module RAM128X1D_HD3812
INFO: [VRFC 10-311] analyzing module RAM128X1D_HD3813
INFO: [VRFC 10-311] analyzing module RAM128X1D_HD3814
INFO: [VRFC 10-311] analyzing module RAM128X1D_HD3815
INFO: [VRFC 10-311] analyzing module RAM128X1D_HD3816
INFO: [VRFC 10-311] analyzing module RAM128X1D_HD3817
INFO: [VRFC 10-311] analyzing module RAM128X1D_HD3818
INFO: [VRFC 10-311] analyzing module RAM128X1D_HD3819
INFO: [VRFC 10-311] analyzing module RAM128X1D_HD3820
INFO: [VRFC 10-311] analyzing module RAM128X1D_HD3821
INFO: [VRFC 10-311] analyzing module RAM128X1D_HD3822
INFO: [VRFC 10-311] analyzing module RAM128X1D_HD3823
INFO: [VRFC 10-311] analyzing module RAM128X1D_HD3824
INFO: [VRFC 10-311] analyzing module RAM128X1D_HD3825
INFO: [VRFC 10-311] analyzing module RAM128X1D_HD3857
INFO: [VRFC 10-311] analyzing module RAM128X1D_HD3858
INFO: [VRFC 10-311] analyzing module RAM128X1D_HD3859
INFO: [VRFC 10-311] analyzing module RAM128X1D_HD3860
INFO: [VRFC 10-311] analyzing module RAM128X1D_HD3861
INFO: [VRFC 10-311] analyzing module RAM128X1D_HD3862
INFO: [VRFC 10-311] analyzing module RAM128X1D_HD3863
INFO: [VRFC 10-311] analyzing module RAM128X1D_HD3864
INFO: [VRFC 10-311] analyzing module RAM128X1D_HD3865
INFO: [VRFC 10-311] analyzing module RAM128X1D_HD3866
INFO: [VRFC 10-311] analyzing module RAM128X1D_HD3867
INFO: [VRFC 10-311] analyzing module RAM128X1D_HD3868
INFO: [VRFC 10-311] analyzing module RAM128X1D_HD3869
INFO: [VRFC 10-311] analyzing module RAM128X1D_HD3870
INFO: [VRFC 10-311] analyzing module RAM128X1D_HD3871
INFO: [VRFC 10-311] analyzing module RAM128X1D_HD3872
INFO: [VRFC 10-311] analyzing module RAM128X1D_HD3873
INFO: [VRFC 10-311] analyzing module RAM128X1D_HD3874
INFO: [VRFC 10-311] analyzing module RAM128X1D_HD3875
INFO: [VRFC 10-311] analyzing module RAM128X1D_HD3876
INFO: [VRFC 10-311] analyzing module RAM128X1D_HD3877
INFO: [VRFC 10-311] analyzing module RAM128X1D_HD3878
INFO: [VRFC 10-311] analyzing module RAM128X1D_HD3879
INFO: [VRFC 10-311] analyzing module RAM128X1D_HD3880
INFO: [VRFC 10-311] analyzing module RAM128X1D_HD3881
INFO: [VRFC 10-311] analyzing module RAM128X1D_HD3882
INFO: [VRFC 10-311] analyzing module RAM128X1D_HD3883
INFO: [VRFC 10-311] analyzing module RAM128X1D_HD3884
INFO: [VRFC 10-311] analyzing module RAM128X1D_HD3885
INFO: [VRFC 10-311] analyzing module RAM128X1D_HD3886
INFO: [VRFC 10-311] analyzing module RAM128X1D_HD3887
INFO: [VRFC 10-311] analyzing module RAM128X1D_HD3888
INFO: [VRFC 10-311] analyzing module RAM128X1D_HD3889
INFO: [VRFC 10-311] analyzing module RAM128X1D_HD3890
INFO: [VRFC 10-311] analyzing module RAM128X1D_HD3891
INFO: [VRFC 10-311] analyzing module RAM128X1D_HD3892
INFO: [VRFC 10-311] analyzing module RAM128X1D_HD3893
INFO: [VRFC 10-311] analyzing module RAM128X1D_HD3894
INFO: [VRFC 10-311] analyzing module RAM128X1D_HD3895
INFO: [VRFC 10-311] analyzing module RAM128X1D_HD3896
INFO: [VRFC 10-311] analyzing module RAM128X1D_HD3897
INFO: [VRFC 10-311] analyzing module RAM128X1D_HD3898
INFO: [VRFC 10-311] analyzing module RAM128X1D_HD3899
INFO: [VRFC 10-311] analyzing module RAM128X1D_HD3900
INFO: [VRFC 10-311] analyzing module RAM128X1D_HD3901
INFO: [VRFC 10-311] analyzing module RAM128X1D_HD3902
INFO: [VRFC 10-311] analyzing module RAM128X1D_HD3903
INFO: [VRFC 10-311] analyzing module RAM128X1D_HD3904
INFO: [VRFC 10-311] analyzing module RAM128X1D_HD3905
INFO: [VRFC 10-311] analyzing module RAM128X1D_HD3906
INFO: [VRFC 10-311] analyzing module RAM128X1D_HD3907
INFO: [VRFC 10-311] analyzing module RAM128X1D_HD3908
INFO: [VRFC 10-311] analyzing module RAM128X1D_HD3909
INFO: [VRFC 10-311] analyzing module RAM128X1D_HD3910
INFO: [VRFC 10-311] analyzing module RAM128X1D_HD3911
INFO: [VRFC 10-311] analyzing module RAM128X1D_HD3912
INFO: [VRFC 10-311] analyzing module RAM128X1D_HD3913
INFO: [VRFC 10-311] analyzing module RAM128X1D_HD3914
INFO: [VRFC 10-311] analyzing module RAM128X1D_HD3915
INFO: [VRFC 10-311] analyzing module RAM128X1D_HD3916
INFO: [VRFC 10-311] analyzing module RAM128X1D_HD3917
INFO: [VRFC 10-311] analyzing module RAM128X1D_HD3918
INFO: [VRFC 10-311] analyzing module RAM128X1D_HD3919
INFO: [VRFC 10-311] analyzing module RAM128X1D_HD3920
INFO: [VRFC 10-311] analyzing module RAM128X1D_HD3921
INFO: [VRFC 10-311] analyzing module RAM128X1D_HD3922
INFO: [VRFC 10-311] analyzing module RAM128X1D_HD3923
INFO: [VRFC 10-311] analyzing module RAM128X1D_HD3924
INFO: [VRFC 10-311] analyzing module RAM128X1D_HD3925
INFO: [VRFC 10-311] analyzing module RAM128X1D_HD3926
INFO: [VRFC 10-311] analyzing module RAM128X1D_HD3927
INFO: [VRFC 10-311] analyzing module RAM128X1D_HD3928
INFO: [VRFC 10-311] analyzing module RAM128X1D_HD3929
INFO: [VRFC 10-311] analyzing module RAM128X1D_HD3930
INFO: [VRFC 10-311] analyzing module RAM128X1D_HD3931
INFO: [VRFC 10-311] analyzing module RAM128X1D_HD3932
INFO: [VRFC 10-311] analyzing module RAM128X1D_HD3933
INFO: [VRFC 10-311] analyzing module RAM128X1D_HD3934
INFO: [VRFC 10-311] analyzing module RAM128X1D_HD3935
INFO: [VRFC 10-311] analyzing module RAM128X1D_HD3936
INFO: [VRFC 10-311] analyzing module RAM128X1D_HD3937
INFO: [VRFC 10-311] analyzing module RAM128X1D_HD3938
INFO: [VRFC 10-311] analyzing module RAM128X1D_HD3939
INFO: [VRFC 10-311] analyzing module RAM128X1D_HD3940
INFO: [VRFC 10-311] analyzing module RAM128X1D_HD3941
INFO: [VRFC 10-311] analyzing module RAM128X1D_HD3942
INFO: [VRFC 10-311] analyzing module RAM128X1D_HD3943
INFO: [VRFC 10-311] analyzing module RAM128X1D_HD3944
INFO: [VRFC 10-311] analyzing module RAM128X1D_HD3945
INFO: [VRFC 10-311] analyzing module RAM128X1D_HD3946
INFO: [VRFC 10-311] analyzing module RAM128X1D_HD3947
INFO: [VRFC 10-311] analyzing module RAM128X1D_HD3948
INFO: [VRFC 10-311] analyzing module RAM128X1D_HD3949
INFO: [VRFC 10-311] analyzing module RAM128X1D_HD3950
INFO: [VRFC 10-311] analyzing module RAM128X1D_HD3951
INFO: [VRFC 10-311] analyzing module RAM128X1D_HD3952
INFO: [VRFC 10-311] analyzing module RAM128X1D_HD3953
INFO: [VRFC 10-311] analyzing module RAM128X1D_HD3954
INFO: [VRFC 10-311] analyzing module RAM128X1D_HD3955
INFO: [VRFC 10-311] analyzing module RAM128X1D_HD3956
INFO: [VRFC 10-311] analyzing module RAM128X1D_HD3957
INFO: [VRFC 10-311] analyzing module RAM128X1D_HD3958
INFO: [VRFC 10-311] analyzing module RAM128X1D_HD3959
INFO: [VRFC 10-311] analyzing module RAM128X1D_HD3960
INFO: [VRFC 10-311] analyzing module RAM128X1D_HD3961
INFO: [VRFC 10-311] analyzing module RAM128X1D_HD3962
INFO: [VRFC 10-311] analyzing module RAM128X1D_HD3963
INFO: [VRFC 10-311] analyzing module RAM128X1D_HD3964
INFO: [VRFC 10-311] analyzing module RAM128X1D_HD3965
INFO: [VRFC 10-311] analyzing module RAM128X1D_HD3966
INFO: [VRFC 10-311] analyzing module RAM128X1D_HD3967
INFO: [VRFC 10-311] analyzing module RAM128X1D_HD3968
INFO: [VRFC 10-311] analyzing module RAM128X1D_HD3969
INFO: [VRFC 10-311] analyzing module RAM128X1D_HD3970
INFO: [VRFC 10-311] analyzing module RAM128X1D_HD3971
INFO: [VRFC 10-311] analyzing module RAM128X1D_HD3972
INFO: [VRFC 10-311] analyzing module RAM128X1D_HD3973
INFO: [VRFC 10-311] analyzing module RAM128X1D_HD3974
INFO: [VRFC 10-311] analyzing module RAM128X1D_HD3975
INFO: [VRFC 10-311] analyzing module RAM128X1D_HD3976
INFO: [VRFC 10-311] analyzing module RAM128X1D_HD3977
INFO: [VRFC 10-311] analyzing module RAM128X1D_HD3978
INFO: [VRFC 10-311] analyzing module RAM128X1D_HD3979
INFO: [VRFC 10-311] analyzing module RAM128X1D_HD3980
INFO: [VRFC 10-311] analyzing module RAM128X1D_HD3981
INFO: [VRFC 10-311] analyzing module RAM128X1D_HD3982
INFO: [VRFC 10-311] analyzing module RAM128X1D_HD3983
INFO: [VRFC 10-311] analyzing module RAM128X1D_HD3984
INFO: [VRFC 10-311] analyzing module RAM128X1D_HD3985
INFO: [VRFC 10-311] analyzing module RAM128X1D_HD3986
INFO: [VRFC 10-311] analyzing module RAM128X1D_HD3987
INFO: [VRFC 10-311] analyzing module RAM128X1D_HD3988
INFO: [VRFC 10-311] analyzing module RAM128X1D_HD3989
INFO: [VRFC 10-311] analyzing module RAM128X1D_HD3990
INFO: [VRFC 10-311] analyzing module RAM128X1D_HD3991
INFO: [VRFC 10-311] analyzing module RAM128X1D_HD3992
INFO: [VRFC 10-311] analyzing module RAM128X1D_HD3993
INFO: [VRFC 10-311] analyzing module RAM128X1D_HD3994
INFO: [VRFC 10-311] analyzing module RAM128X1D_HD3995
INFO: [VRFC 10-311] analyzing module RAM128X1D_HD3996
INFO: [VRFC 10-311] analyzing module RAM128X1D_HD3997
INFO: [VRFC 10-311] analyzing module RAM128X1D_HD3998
INFO: [VRFC 10-311] analyzing module RAM128X1D_HD3999
INFO: [VRFC 10-311] analyzing module RAM128X1D_HD4000
INFO: [VRFC 10-311] analyzing module RAM128X1D_HD4001
INFO: [VRFC 10-311] analyzing module RAM128X1D_HD4002
INFO: [VRFC 10-311] analyzing module RAM128X1D_HD4003
INFO: [VRFC 10-311] analyzing module RAM128X1D_HD4004
INFO: [VRFC 10-311] analyzing module RAM128X1D_HD4005
INFO: [VRFC 10-311] analyzing module RAM128X1D_HD4006
INFO: [VRFC 10-311] analyzing module RAM128X1D_HD4007
INFO: [VRFC 10-311] analyzing module RAM128X1D_HD4008
INFO: [VRFC 10-311] analyzing module RAM128X1D_HD4009
INFO: [VRFC 10-311] analyzing module RAM128X1D_HD4010
INFO: [VRFC 10-311] analyzing module RAM128X1D_HD4011
INFO: [VRFC 10-311] analyzing module RAM128X1D_HD4012
INFO: [VRFC 10-311] analyzing module RAM128X1D_HD4013
INFO: [VRFC 10-311] analyzing module RAM128X1D_HD4014
INFO: [VRFC 10-311] analyzing module RAM128X1D_HD4015
INFO: [VRFC 10-311] analyzing module RAM128X1D_HD4016
INFO: [VRFC 10-311] analyzing module RAM128X1D_HD4017
INFO: [VRFC 10-311] analyzing module RAM128X1D_HD4018
INFO: [VRFC 10-311] analyzing module RAM128X1D_HD4019
INFO: [VRFC 10-311] analyzing module RAM128X1D_HD4020
INFO: [VRFC 10-311] analyzing module RAM128X1D_HD4021
INFO: [VRFC 10-311] analyzing module RAM128X1D_HD4022
INFO: [VRFC 10-311] analyzing module RAM128X1D_HD4023
INFO: [VRFC 10-311] analyzing module RAM128X1D_HD4024
INFO: [VRFC 10-311] analyzing module RAM128X1D_HD4025
INFO: [VRFC 10-311] analyzing module RAM128X1D_HD4026
INFO: [VRFC 10-311] analyzing module RAM128X1D_HD4027
INFO: [VRFC 10-311] analyzing module RAM128X1D_HD4028
INFO: [VRFC 10-311] analyzing module RAM128X1D_HD4029
INFO: [VRFC 10-311] analyzing module RAM128X1D_HD4030
INFO: [VRFC 10-311] analyzing module RAM128X1D_HD4031
INFO: [VRFC 10-311] analyzing module RAM128X1D_HD4032
INFO: [VRFC 10-311] analyzing module RAM128X1D_HD4033
INFO: [VRFC 10-311] analyzing module RAM128X1D_HD4034
INFO: [VRFC 10-311] analyzing module RAM128X1D_HD4035
INFO: [VRFC 10-311] analyzing module RAM128X1D_HD4036
INFO: [VRFC 10-311] analyzing module RAM128X1D_HD4037
INFO: [VRFC 10-311] analyzing module RAM128X1D_HD4038
INFO: [VRFC 10-311] analyzing module RAM128X1D_HD4039
INFO: [VRFC 10-311] analyzing module RAM128X1D_HD4040
INFO: [VRFC 10-311] analyzing module RAM128X1D_HD4041
INFO: [VRFC 10-311] analyzing module RAM128X1D_HD4042
INFO: [VRFC 10-311] analyzing module RAM128X1D_HD4043
INFO: [VRFC 10-311] analyzing module RAM128X1D_HD4044
INFO: [VRFC 10-311] analyzing module RAM128X1D_HD4045
INFO: [VRFC 10-311] analyzing module RAM128X1D_HD4046
INFO: [VRFC 10-311] analyzing module RAM128X1D_HD4047
INFO: [VRFC 10-311] analyzing module RAM128X1D_HD4048
INFO: [VRFC 10-311] analyzing module RAM128X1D_HD4049
INFO: [VRFC 10-311] analyzing module RAM128X1D_HD4050
INFO: [VRFC 10-311] analyzing module RAM128X1D_HD4051
INFO: [VRFC 10-311] analyzing module RAM128X1D_HD4052
INFO: [VRFC 10-311] analyzing module RAM128X1D_HD4053
INFO: [VRFC 10-311] analyzing module RAM128X1D_HD4054
INFO: [VRFC 10-311] analyzing module RAM128X1D_HD4055
INFO: [VRFC 10-311] analyzing module RAM128X1D_HD4056
INFO: [VRFC 10-311] analyzing module RAM128X1D_HD4057
INFO: [VRFC 10-311] analyzing module RAM128X1D_HD4058
INFO: [VRFC 10-311] analyzing module RAM128X1D_HD4059
INFO: [VRFC 10-311] analyzing module RAM128X1D_HD4060
INFO: [VRFC 10-311] analyzing module RAM128X1D_HD4061
INFO: [VRFC 10-311] analyzing module RAM128X1D_HD4062
INFO: [VRFC 10-311] analyzing module RAM128X1D_HD4063
INFO: [VRFC 10-311] analyzing module RAM128X1D_HD4064
INFO: [VRFC 10-311] analyzing module RAM128X1D_HD4065
INFO: [VRFC 10-311] analyzing module RAM128X1D_HD4066
INFO: [VRFC 10-311] analyzing module RAM128X1D_HD4067
INFO: [VRFC 10-311] analyzing module RAM128X1D_HD4068
INFO: [VRFC 10-311] analyzing module RAM128X1D_HD4069
INFO: [VRFC 10-311] analyzing module RAM128X1D_HD4070
INFO: [VRFC 10-311] analyzing module RAM128X1D_HD4071
INFO: [VRFC 10-311] analyzing module RAM128X1D_HD4072
INFO: [VRFC 10-311] analyzing module RAM128X1D_HD4073
INFO: [VRFC 10-311] analyzing module RAM128X1D_HD4074
INFO: [VRFC 10-311] analyzing module RAM128X1D_HD4075
INFO: [VRFC 10-311] analyzing module RAM128X1D_HD4076
INFO: [VRFC 10-311] analyzing module RAM128X1D_HD4077
INFO: [VRFC 10-311] analyzing module RAM128X1D_HD4078
INFO: [VRFC 10-311] analyzing module RAM128X1D_HD4079
INFO: [VRFC 10-311] analyzing module RAM128X1D_HD4080
INFO: [VRFC 10-311] analyzing module RAM128X1D_HD4081
INFO: [VRFC 10-311] analyzing module RAM128X1D_HD4082
INFO: [VRFC 10-311] analyzing module RAM128X1D_HD4083
INFO: [VRFC 10-311] analyzing module RAM128X1D_HD4084
INFO: [VRFC 10-311] analyzing module RAM128X1D_HD4085
INFO: [VRFC 10-311] analyzing module RAM128X1D_HD4086
INFO: [VRFC 10-311] analyzing module RAM128X1D_HD4087
INFO: [VRFC 10-311] analyzing module RAM128X1D_HD4088
INFO: [VRFC 10-311] analyzing module RAM128X1D_HD4089
INFO: [VRFC 10-311] analyzing module RAM128X1D_HD4090
INFO: [VRFC 10-311] analyzing module RAM128X1D_HD4091
INFO: [VRFC 10-311] analyzing module RAM128X1D_HD4092
INFO: [VRFC 10-311] analyzing module RAM128X1D_HD4093
INFO: [VRFC 10-311] analyzing module RAM128X1D_HD4094
INFO: [VRFC 10-311] analyzing module RAM128X1D_HD4095
INFO: [VRFC 10-311] analyzing module RAM128X1D_HD4096
INFO: [VRFC 10-311] analyzing module RAM128X1D_HD4097
INFO: [VRFC 10-311] analyzing module RAM128X1D_HD4098
INFO: [VRFC 10-311] analyzing module RAM128X1D_HD4099
INFO: [VRFC 10-311] analyzing module RAM128X1D_HD4100
INFO: [VRFC 10-311] analyzing module RAM128X1D_HD4101
INFO: [VRFC 10-311] analyzing module RAM128X1D_HD4102
INFO: [VRFC 10-311] analyzing module RAM128X1D_HD4103
INFO: [VRFC 10-311] analyzing module RAM128X1D_HD4104
INFO: [VRFC 10-311] analyzing module RAM128X1D_HD4105
INFO: [VRFC 10-311] analyzing module RAM128X1D_HD4106
INFO: [VRFC 10-311] analyzing module RAM128X1D_HD4107
INFO: [VRFC 10-311] analyzing module RAM128X1D_HD4108
INFO: [VRFC 10-311] analyzing module RAM128X1D_HD4109
INFO: [VRFC 10-311] analyzing module RAM128X1D_HD4110
INFO: [VRFC 10-311] analyzing module RAM128X1D_HD4111
INFO: [VRFC 10-311] analyzing module RAM128X1D_HD4112
INFO: [VRFC 10-311] analyzing module RAM128X1D_HD4113
INFO: [VRFC 10-311] analyzing module RAM128X1D_HD4114
INFO: [VRFC 10-311] analyzing module RAM128X1D_HD4115
INFO: [VRFC 10-311] analyzing module RAM128X1D_HD4116
INFO: [VRFC 10-311] analyzing module RAM128X1D_HD4117
INFO: [VRFC 10-311] analyzing module RAM128X1D_HD4118
INFO: [VRFC 10-311] analyzing module RAM128X1D_HD4119
INFO: [VRFC 10-311] analyzing module RAM128X1D_HD4120
INFO: [VRFC 10-311] analyzing module RAM128X1D_HD4121
INFO: [VRFC 10-311] analyzing module RAM128X1D_HD4122
INFO: [VRFC 10-311] analyzing module RAM128X1D_HD4123
INFO: [VRFC 10-311] analyzing module RAM128X1D_HD4124
INFO: [VRFC 10-311] analyzing module RAM128X1D_HD4125
INFO: [VRFC 10-311] analyzing module RAM128X1D_HD4126
INFO: [VRFC 10-311] analyzing module RAM128X1D_HD4127
INFO: [VRFC 10-311] analyzing module RAM128X1D_HD4128
INFO: [VRFC 10-311] analyzing module RAM128X1D_HD4129
INFO: [VRFC 10-311] analyzing module RAM128X1D_HD4130
INFO: [VRFC 10-311] analyzing module RAM128X1D_HD4131
INFO: [VRFC 10-311] analyzing module RAM128X1D_HD4132
INFO: [VRFC 10-311] analyzing module RAM128X1D_HD4133
INFO: [VRFC 10-311] analyzing module RAM128X1D_HD4134
INFO: [VRFC 10-311] analyzing module RAM128X1D_HD4135
INFO: [VRFC 10-311] analyzing module RAM128X1D_HD4136
INFO: [VRFC 10-311] analyzing module RAM128X1D_HD4137
INFO: [VRFC 10-311] analyzing module RAM128X1D_HD4138
INFO: [VRFC 10-311] analyzing module RAM128X1D_HD4139
INFO: [VRFC 10-311] analyzing module RAM128X1D_HD4140
INFO: [VRFC 10-311] analyzing module RAM128X1D_HD4141
INFO: [VRFC 10-311] analyzing module RAM128X1D_HD4142
INFO: [VRFC 10-311] analyzing module RAM128X1D_HD4143
INFO: [VRFC 10-311] analyzing module RAM128X1D_HD4144
INFO: [VRFC 10-311] analyzing module RAM128X1D_HD4145
INFO: [VRFC 10-311] analyzing module RAM128X1D_HD4146
INFO: [VRFC 10-311] analyzing module RAM128X1D_HD4147
INFO: [VRFC 10-311] analyzing module RAM128X1D_HD4148
INFO: [VRFC 10-311] analyzing module RAM128X1D_HD4149
INFO: [VRFC 10-311] analyzing module RAM128X1D_HD4150
INFO: [VRFC 10-311] analyzing module RAM128X1D_HD4151
INFO: [VRFC 10-311] analyzing module RAM128X1D_HD4152
INFO: [VRFC 10-311] analyzing module RAM128X1D_HD4153
INFO: [VRFC 10-311] analyzing module RAM128X1D_HD4154
INFO: [VRFC 10-311] analyzing module RAM128X1D_HD4155
INFO: [VRFC 10-311] analyzing module RAM128X1D_HD4156
INFO: [VRFC 10-311] analyzing module RAM128X1D_HD4157
INFO: [VRFC 10-311] analyzing module RAM128X1D_HD4158
INFO: [VRFC 10-311] analyzing module RAM128X1D_HD4159
INFO: [VRFC 10-311] analyzing module RAM128X1D_HD4160
INFO: [VRFC 10-311] analyzing module RAM128X1D_HD4161
INFO: [VRFC 10-311] analyzing module RAM128X1D_HD4162
INFO: [VRFC 10-311] analyzing module RAM128X1D_HD4163
INFO: [VRFC 10-311] analyzing module RAM128X1D_HD4164
INFO: [VRFC 10-311] analyzing module RAM128X1D_HD4165
INFO: [VRFC 10-311] analyzing module RAM128X1D_HD4166
INFO: [VRFC 10-311] analyzing module RAM128X1D_HD4167
INFO: [VRFC 10-311] analyzing module RAM128X1D_HD4168
INFO: [VRFC 10-311] analyzing module RAM128X1D_HD4169
INFO: [VRFC 10-311] analyzing module RAM128X1D_HD4170
INFO: [VRFC 10-311] analyzing module RAM128X1D_HD4171
INFO: [VRFC 10-311] analyzing module RAM128X1D_HD4172
INFO: [VRFC 10-311] analyzing module RAM128X1D_HD4173
INFO: [VRFC 10-311] analyzing module RAM128X1D_HD4174
INFO: [VRFC 10-311] analyzing module RAM128X1D_HD4175
INFO: [VRFC 10-311] analyzing module RAM128X1D_HD4176
INFO: [VRFC 10-311] analyzing module RAM128X1D_HD4177
INFO: [VRFC 10-311] analyzing module RAM128X1D_HD4178
INFO: [VRFC 10-311] analyzing module RAM128X1D_HD4179
INFO: [VRFC 10-311] analyzing module RAM128X1D_HD4180
INFO: [VRFC 10-311] analyzing module RAM128X1D_HD4181
INFO: [VRFC 10-311] analyzing module RAM128X1D_HD4182
INFO: [VRFC 10-311] analyzing module RAM128X1D_HD4183
INFO: [VRFC 10-311] analyzing module RAM128X1D_HD4184
INFO: [VRFC 10-311] analyzing module RAM128X1D_HD4185
INFO: [VRFC 10-311] analyzing module RAM128X1D_HD4186
INFO: [VRFC 10-311] analyzing module RAM128X1D_HD4187
INFO: [VRFC 10-311] analyzing module RAM128X1D_HD4188
INFO: [VRFC 10-311] analyzing module RAM128X1D_HD4189
INFO: [VRFC 10-311] analyzing module RAM128X1D_HD4190
INFO: [VRFC 10-311] analyzing module RAM128X1D_HD4191
INFO: [VRFC 10-311] analyzing module RAM128X1D_HD4192
INFO: [VRFC 10-311] analyzing module RAM128X1D_HD4193
INFO: [VRFC 10-311] analyzing module RAM128X1D_HD4194
INFO: [VRFC 10-311] analyzing module RAM128X1D_HD4195
INFO: [VRFC 10-311] analyzing module RAM128X1D_HD4196
INFO: [VRFC 10-311] analyzing module RAM128X1D_HD4197
INFO: [VRFC 10-311] analyzing module RAM128X1D_HD4198
INFO: [VRFC 10-311] analyzing module RAM128X1D_HD4199
INFO: [VRFC 10-311] analyzing module RAM128X1D_HD4200
INFO: [VRFC 10-311] analyzing module RAM128X1D_HD4201
INFO: [VRFC 10-311] analyzing module RAM128X1D_HD4202
INFO: [VRFC 10-311] analyzing module RAM128X1D_HD4203
INFO: [VRFC 10-311] analyzing module RAM128X1D_HD4204
INFO: [VRFC 10-311] analyzing module RAM128X1D_HD4205
INFO: [VRFC 10-311] analyzing module RAM128X1D_HD4206
INFO: [VRFC 10-311] analyzing module RAM128X1D_HD4207
INFO: [VRFC 10-311] analyzing module RAM128X1D_HD4208
INFO: [VRFC 10-311] analyzing module RAM128X1D_HD4209
INFO: [VRFC 10-311] analyzing module RAM128X1D_HD4210
INFO: [VRFC 10-311] analyzing module RAM128X1D_HD4211
INFO: [VRFC 10-311] analyzing module RAM128X1D_HD4212
INFO: [VRFC 10-311] analyzing module RAM128X1D_HD4213
INFO: [VRFC 10-311] analyzing module RAM128X1D_HD4214
INFO: [VRFC 10-311] analyzing module RAM128X1D_HD4215
INFO: [VRFC 10-311] analyzing module RAM128X1D_HD4216
INFO: [VRFC 10-311] analyzing module RAM128X1D_HD4217
INFO: [VRFC 10-311] analyzing module RAM128X1D_HD4218
INFO: [VRFC 10-311] analyzing module RAM128X1D_HD4219
INFO: [VRFC 10-311] analyzing module RAM128X1D_HD4220
INFO: [VRFC 10-311] analyzing module RAM128X1D_HD4221
INFO: [VRFC 10-311] analyzing module RAM128X1D_HD4222
INFO: [VRFC 10-311] analyzing module RAM128X1D_HD4223
INFO: [VRFC 10-311] analyzing module RAM128X1D_HD4224
INFO: [VRFC 10-311] analyzing module RAM128X1D_HD4225
INFO: [VRFC 10-311] analyzing module RAM128X1D_HD4226
INFO: [VRFC 10-311] analyzing module RAM128X1D_HD4227
INFO: [VRFC 10-311] analyzing module RAM128X1D_HD4228
INFO: [VRFC 10-311] analyzing module RAM128X1D_HD4229
INFO: [VRFC 10-311] analyzing module RAM128X1D_HD4230
INFO: [VRFC 10-311] analyzing module RAM128X1D_HD4231
INFO: [VRFC 10-311] analyzing module RAM128X1D_HD4232
INFO: [VRFC 10-311] analyzing module RAM128X1D_HD4233
INFO: [VRFC 10-311] analyzing module RAM128X1D_HD4234
INFO: [VRFC 10-311] analyzing module RAM128X1D_HD4235
INFO: [VRFC 10-311] analyzing module RAM128X1D_HD4236
INFO: [VRFC 10-311] analyzing module RAM128X1D_HD4237
INFO: [VRFC 10-311] analyzing module RAM128X1D_HD4238
INFO: [VRFC 10-311] analyzing module RAM128X1D_HD4239
INFO: [VRFC 10-311] analyzing module RAM128X1D_HD4240
INFO: [VRFC 10-311] analyzing module RAM128X1D_HD4241
INFO: [VRFC 10-311] analyzing module RAM128X1D_HD4242
INFO: [VRFC 10-311] analyzing module RAM128X1D_HD4243
INFO: [VRFC 10-311] analyzing module RAM128X1D_HD4244
INFO: [VRFC 10-311] analyzing module RAM128X1D_HD4245
INFO: [VRFC 10-311] analyzing module RAM128X1D_HD4246
INFO: [VRFC 10-311] analyzing module RAM128X1D_HD4247
INFO: [VRFC 10-311] analyzing module RAM128X1D_HD4248
INFO: [VRFC 10-311] analyzing module RAM128X1D_HD4249
INFO: [VRFC 10-311] analyzing module RAM128X1D_HD4250
INFO: [VRFC 10-311] analyzing module RAM128X1D_HD4251
INFO: [VRFC 10-311] analyzing module RAM128X1D_HD4252
INFO: [VRFC 10-311] analyzing module RAM128X1D_HD4253
INFO: [VRFC 10-311] analyzing module RAM128X1D_HD4254
INFO: [VRFC 10-311] analyzing module RAM128X1D_HD4255
INFO: [VRFC 10-311] analyzing module RAM128X1D_HD4256
INFO: [VRFC 10-311] analyzing module RAM128X1D_HD4257
INFO: [VRFC 10-311] analyzing module RAM128X1D_HD4258
INFO: [VRFC 10-311] analyzing module RAM128X1D_HD4259
INFO: [VRFC 10-311] analyzing module RAM128X1D_HD4260
INFO: [VRFC 10-311] analyzing module RAM128X1D_HD4261
INFO: [VRFC 10-311] analyzing module RAM128X1D_HD4262
INFO: [VRFC 10-311] analyzing module RAM128X1D_HD4263
INFO: [VRFC 10-311] analyzing module RAM128X1D_HD4264
INFO: [VRFC 10-311] analyzing module RAM128X1D_HD4265
INFO: [VRFC 10-311] analyzing module RAM128X1D_HD4266
INFO: [VRFC 10-311] analyzing module RAM128X1D_HD4267
INFO: [VRFC 10-311] analyzing module RAM128X1D_HD4268
INFO: [VRFC 10-311] analyzing module RAM128X1D_HD4269
INFO: [VRFC 10-311] analyzing module RAM128X1D_HD4270
INFO: [VRFC 10-311] analyzing module RAM128X1D_HD4271
INFO: [VRFC 10-311] analyzing module RAM128X1D_HD4272
INFO: [VRFC 10-311] analyzing module RAM128X1D_HD4273
INFO: [VRFC 10-311] analyzing module RAM128X1D_HD4274
INFO: [VRFC 10-311] analyzing module RAM128X1D_HD4275
INFO: [VRFC 10-311] analyzing module RAM128X1D_HD4276
INFO: [VRFC 10-311] analyzing module RAM128X1D_HD4277
INFO: [VRFC 10-311] analyzing module RAM128X1D_HD4278
INFO: [VRFC 10-311] analyzing module RAM128X1D_HD4279
INFO: [VRFC 10-311] analyzing module RAM128X1D_HD4280
INFO: [VRFC 10-311] analyzing module RAM128X1D_HD4281
INFO: [VRFC 10-311] analyzing module RAM128X1D_HD4282
INFO: [VRFC 10-311] analyzing module RAM128X1D_HD4283
INFO: [VRFC 10-311] analyzing module RAM128X1D_HD4284
INFO: [VRFC 10-311] analyzing module RAM128X1D_HD4285
INFO: [VRFC 10-311] analyzing module RAM128X1D_HD4286
INFO: [VRFC 10-311] analyzing module RAM128X1D_HD4287
INFO: [VRFC 10-311] analyzing module RAM128X1D_HD4288
INFO: [VRFC 10-311] analyzing module RAM128X1D_HD4289
INFO: [VRFC 10-311] analyzing module RAM128X1D_HD4290
INFO: [VRFC 10-311] analyzing module RAM128X1D_HD4291
INFO: [VRFC 10-311] analyzing module RAM128X1D_HD4292
INFO: [VRFC 10-311] analyzing module RAM128X1D_HD4293
INFO: [VRFC 10-311] analyzing module RAM128X1D_HD4294
INFO: [VRFC 10-311] analyzing module RAM128X1D_HD4295
INFO: [VRFC 10-311] analyzing module RAM128X1D_HD4296
INFO: [VRFC 10-311] analyzing module RAM128X1D_HD4297
INFO: [VRFC 10-311] analyzing module RAM128X1D_HD4298
INFO: [VRFC 10-311] analyzing module RAM128X1D_HD4299
INFO: [VRFC 10-311] analyzing module RAM128X1D_HD4300
INFO: [VRFC 10-311] analyzing module RAM128X1D_HD4301
INFO: [VRFC 10-311] analyzing module RAM128X1D_HD4302
INFO: [VRFC 10-311] analyzing module RAM128X1D_HD4303
INFO: [VRFC 10-311] analyzing module RAM128X1D_HD4304
INFO: [VRFC 10-311] analyzing module RAM128X1D_HD4305
INFO: [VRFC 10-311] analyzing module RAM128X1D_HD4306
INFO: [VRFC 10-311] analyzing module RAM128X1D_HD4307
INFO: [VRFC 10-311] analyzing module RAM128X1D_HD4308
INFO: [VRFC 10-311] analyzing module RAM128X1D_HD4309
INFO: [VRFC 10-311] analyzing module RAM128X1D_HD4310
INFO: [VRFC 10-311] analyzing module RAM128X1D_HD4311
INFO: [VRFC 10-311] analyzing module RAM128X1D_HD4312
INFO: [VRFC 10-311] analyzing module RAM128X1D_HD4313
INFO: [VRFC 10-311] analyzing module RAM128X1D_HD4314
INFO: [VRFC 10-311] analyzing module RAM128X1D_HD4315
INFO: [VRFC 10-311] analyzing module RAM128X1D_HD4316
INFO: [VRFC 10-311] analyzing module RAM128X1D_HD4317
INFO: [VRFC 10-311] analyzing module RAM128X1D_HD4318
INFO: [VRFC 10-311] analyzing module RAM128X1D_HD4319
INFO: [VRFC 10-311] analyzing module RAM128X1D_HD4320
INFO: [VRFC 10-311] analyzing module RAM128X1D_HD4321
INFO: [VRFC 10-311] analyzing module RAM128X1D_HD4322
INFO: [VRFC 10-311] analyzing module RAM128X1D_HD4323
INFO: [VRFC 10-311] analyzing module RAM128X1D_HD4324
INFO: [VRFC 10-311] analyzing module RAM128X1D_HD4325
INFO: [VRFC 10-311] analyzing module RAM128X1D_HD4326
INFO: [VRFC 10-311] analyzing module RAM128X1D_HD4327
INFO: [VRFC 10-311] analyzing module RAM128X1D_HD4328
INFO: [VRFC 10-311] analyzing module RAM128X1D_HD4329
INFO: [VRFC 10-311] analyzing module RAM128X1D_HD4330
INFO: [VRFC 10-311] analyzing module RAM128X1D_HD4331
INFO: [VRFC 10-311] analyzing module RAM128X1D_HD4332
INFO: [VRFC 10-311] analyzing module RAM128X1D_HD4333
INFO: [VRFC 10-311] analyzing module RAM128X1D_HD4334
INFO: [VRFC 10-311] analyzing module RAM128X1D_HD4335
INFO: [VRFC 10-311] analyzing module RAM128X1D_HD4336
INFO: [VRFC 10-311] analyzing module RAM32X1S_UNIQ_BASE_
INFO: [VRFC 10-311] analyzing module RAM32X1S_HD3826
INFO: [VRFC 10-311] analyzing module RAM32X1S_HD3827
INFO: [VRFC 10-311] analyzing module RAM32X1S_HD3828
INFO: [VRFC 10-311] analyzing module RAM32X1S_HD3829
INFO: [VRFC 10-311] analyzing module RAM32X1S_HD3830
INFO: [VRFC 10-311] analyzing module RAM32X1S_HD3831
INFO: [VRFC 10-311] analyzing module RAM32X1S_HD3832
INFO: [VRFC 10-311] analyzing module RAM32X1S_HD3833
INFO: [VRFC 10-311] analyzing module RAM32X1S_HD3834
INFO: [VRFC 10-311] analyzing module RAM32X1S_HD3835
INFO: [VRFC 10-311] analyzing module RAM32X1S_HD3836
INFO: [VRFC 10-311] analyzing module RAM32X1S_HD3837
INFO: [VRFC 10-311] analyzing module RAM32X1S_HD3838
INFO: [VRFC 10-311] analyzing module RAM32X1S_HD3839
INFO: [VRFC 10-311] analyzing module RAM32X1S_HD3840
INFO: [VRFC 10-311] analyzing module RAM32X1S_HD3841
INFO: [VRFC 10-311] analyzing module RAM32X1S_HD3842
INFO: [VRFC 10-311] analyzing module RAM32X1S_HD3843
INFO: [VRFC 10-311] analyzing module RAM32X1S_HD3844
INFO: [VRFC 10-311] analyzing module RAM32X1S_HD3845
INFO: [VRFC 10-311] analyzing module RAM32X1S_HD3846
INFO: [VRFC 10-311] analyzing module RAM32X1S_HD3847
INFO: [VRFC 10-311] analyzing module RAM32X1S_HD3848
INFO: [VRFC 10-311] analyzing module RAM32X1S_HD3849
INFO: [VRFC 10-311] analyzing module RAM32X1S_HD3850
INFO: [VRFC 10-311] analyzing module RAM32X1S_HD3851
INFO: [VRFC 10-311] analyzing module RAM32X1S_HD3852
INFO: [VRFC 10-311] analyzing module RAM32X1S_HD3853
INFO: [VRFC 10-311] analyzing module RAM32X1S_HD3854
INFO: [VRFC 10-311] analyzing module RAM32X1S_HD3855
INFO: [VRFC 10-311] analyzing module RAM32X1S_HD3856
INFO: [VRFC 10-311] analyzing module Actrl
INFO: [VRFC 10-311] analyzing module DataPath
INFO: [VRFC 10-311] analyzing module MainCtrl
INFO: [VRFC 10-311] analyzing module Multiplier
INFO: [VRFC 10-311] analyzing module Register_File
INFO: [VRFC 10-311] analyzing module board
INFO: [VRFC 10-311] analyzing module clk10Hz
INFO: [VRFC 10-311] analyzing module local_memory
INFO: [VRFC 10-311] analyzing module master
INFO: [VRFC 10-311] analyzing module glbl
