Vivado Simulator 2016.4
Copyright 1986-1999, 2001-2016 Xilinx, Inc. All Rights Reserved.
Running: /home/pranav/Vivado/Vivado/2016.4/bin/unwrapped/lnx64.o/xelab -wto 4854bd6dd3114d94b023722d3688f095 --debug typical --relax --mt 8 --maxdelay -L xil_defaultlib -L simprims_ver -L secureip --snapshot board_time_impl -transport_int_delays -pulse_r 0 -pulse_int_r 0 -pulse_e 0 -pulse_int_e 0 xil_defaultlib.board xil_defaultlib.glbl -log elaborate.log 
Using 8 slave threads.
Starting static elaboration
Completed static elaboration
Starting simulation data flow analysis
Completed simulation data flow analysis
INFO: [XSIM 43-3451] SDF backannotation process started with SDF file "board_time_impl.sdf", for root module "board".
INFO: [XSIM 43-3452] SDF backannotation was successful for SDF file "board_time_impl.sdf", for root module "board".
Time Resolution for simulation is 1ps
Compiling module simprims_ver.ffsrce_fdce
Compiling module simprims_ver.FDCE
Compiling module simprims_ver.BUFG
Compiling module simprims_ver.OBUF
Compiling module simprims_ver.LUT4
Compiling module simprims_ver.sffsrce_fdre
Compiling module simprims_ver.FDRE
Compiling module simprims_ver.IBUF
Compiling module simprims_ver.LUT6
Compiling module simprims_ver.x_lut3_mux4
Compiling module simprims_ver.x_lut3_mux4_reduced_0
Compiling module simprims_ver.LUT3
Compiling module simprims_ver.LUT5
Compiling module simprims_ver.x_lut2_mux4
Compiling module simprims_ver.LUT2
Compiling module simprims_ver.MUXF7
Compiling module simprims_ver.latchsre_ldce
Compiling module simprims_ver.LDCE
Compiling module xil_defaultlib.Actrl
Compiling module simprims_ver.CARRY4
Compiling module simprims_ver.RAMD64E(RAM_ADDRESS_MASK=2'b10,R...
Compiling module simprims_ver.RAMD64E(RAM_ADDRESS_MASK=2'b10,R...
Compiling module xil_defaultlib.RAM128X1D_UNIQ_BASE_
Compiling module xil_defaultlib.RAM128X1D_HD3795
Compiling module xil_defaultlib.RAM128X1D_HD3796
Compiling module xil_defaultlib.RAM128X1D_HD3797
Compiling module xil_defaultlib.RAM128X1D_HD3798
Compiling module xil_defaultlib.RAM128X1D_HD3799
Compiling module xil_defaultlib.RAM128X1D_HD3800
Compiling module xil_defaultlib.RAM128X1D_HD3801
Compiling module xil_defaultlib.RAM128X1D_HD3802
Compiling module xil_defaultlib.RAM128X1D_HD3803
Compiling module xil_defaultlib.RAM128X1D_HD3804
Compiling module xil_defaultlib.RAM128X1D_HD3805
Compiling module xil_defaultlib.RAM128X1D_HD3806
Compiling module xil_defaultlib.RAM128X1D_HD3807
Compiling module xil_defaultlib.RAM128X1D_HD3808
Compiling module xil_defaultlib.RAM128X1D_HD3809
Compiling module xil_defaultlib.RAM128X1D_HD3810
Compiling module xil_defaultlib.RAM128X1D_HD3811
Compiling module xil_defaultlib.RAM128X1D_HD3812
Compiling module xil_defaultlib.RAM128X1D_HD3813
Compiling module xil_defaultlib.RAM128X1D_HD3814
Compiling module xil_defaultlib.RAM128X1D_HD3815
Compiling module xil_defaultlib.RAM128X1D_HD3816
Compiling module xil_defaultlib.RAM128X1D_HD3817
Compiling module xil_defaultlib.RAM128X1D_HD3818
Compiling module xil_defaultlib.RAM128X1D_HD3819
Compiling module xil_defaultlib.RAM128X1D_HD3820
Compiling module xil_defaultlib.RAM128X1D_HD3821
Compiling module xil_defaultlib.RAM128X1D_HD3822
Compiling module xil_defaultlib.RAM128X1D_HD3823
Compiling module xil_defaultlib.RAM128X1D_HD3824
Compiling module xil_defaultlib.RAM128X1D_HD3825
Compiling module simprims_ver.RAMS32
Compiling module xil_defaultlib.RAM32X1S_UNIQ_BASE_
Compiling module xil_defaultlib.RAM32X1S_HD3826
Compiling module xil_defaultlib.RAM32X1S_HD3827
Compiling module xil_defaultlib.RAM32X1S_HD3828
Compiling module xil_defaultlib.RAM32X1S_HD3829
Compiling module xil_defaultlib.RAM32X1S_HD3830
Compiling module xil_defaultlib.RAM32X1S_HD3831
Compiling module xil_defaultlib.RAM32X1S_HD3832
Compiling module xil_defaultlib.RAM32X1S_HD3833
Compiling module xil_defaultlib.RAM32X1S_HD3834
Compiling module xil_defaultlib.RAM32X1S_HD3835
Compiling module xil_defaultlib.RAM32X1S_HD3836
Compiling module xil_defaultlib.RAM32X1S_HD3837
Compiling module xil_defaultlib.RAM32X1S_HD3838
Compiling module xil_defaultlib.RAM32X1S_HD3839
Compiling module xil_defaultlib.RAM32X1S_HD3840
Compiling module xil_defaultlib.RAM32X1S_HD3841
Compiling module xil_defaultlib.RAM32X1S_HD3842
Compiling module xil_defaultlib.RAM32X1S_HD3843
Compiling module xil_defaultlib.RAM32X1S_HD3844
Compiling module xil_defaultlib.RAM32X1S_HD3845
Compiling module xil_defaultlib.RAM32X1S_HD3846
Compiling module xil_defaultlib.RAM32X1S_HD3847
Compiling module xil_defaultlib.RAM32X1S_HD3848
Compiling module xil_defaultlib.RAM32X1S_HD3849
Compiling module xil_defaultlib.RAM32X1S_HD3850
Compiling module xil_defaultlib.RAM32X1S_HD3851
Compiling module xil_defaultlib.RAM32X1S_HD3852
Compiling module xil_defaultlib.RAM32X1S_HD3853
Compiling module xil_defaultlib.RAM32X1S_HD3854
Compiling module xil_defaultlib.RAM32X1S_HD3855
Compiling module xil_defaultlib.RAM32X1S_HD3856
Compiling module xil_defaultlib.RAM128X1D_HD3857
Compiling module xil_defaultlib.RAM128X1D_HD3858
Compiling module xil_defaultlib.RAM128X1D_HD3859
Compiling module xil_defaultlib.RAM128X1D_HD3860
Compiling module xil_defaultlib.RAM128X1D_HD3861
Compiling module xil_defaultlib.RAM128X1D_HD3862
Compiling module xil_defaultlib.RAM128X1D_HD3863
Compiling module xil_defaultlib.RAM128X1D_HD3864
Compiling module xil_defaultlib.RAM128X1D_HD3865
